<?xml version="1.0" encoding="UTF-8"?>
<coverage generated="1689058108135" clover="3.2.0">
  <project timestamp="1689058108135" name="All files">
    <metrics statements="4" coveredstatements="3" conditionals="1" coveredconditionals="0" methods="1" coveredmethods="1" elements="6" coveredelements="4" complexity="0" loc="4" ncloc="4" packages="1" files="1" classes="1"/>
    <file name="index.ts" path="/private/tmp/mylib/src/index.ts">
      <metrics statements="4" coveredstatements="3" conditionals="1" coveredconditionals="0" methods="1" coveredmethods="1"/>
      <line num="1" count="1" type="stmt"/>
      <line num="2" count="1" type="cond" truecount="0" falsecount="1"/>
      <line num="3" count="0" type="stmt"/>
      <line num="5" count="1" type="stmt"/>
    </file>
  </project>
</coverage>
